<?xml version="1.0" encoding="UTF-8"?>
<!-- Generated by org.testng.reporters.JUnitReportReporter -->
<testsuite skipped="0" hostname="Asus-PC" name="MayurMaven.MayursMavenProject.SeleniumTest" tests="2" failures="0" timestamp="2021-05-24T12:03:24 IST" time="0.003" errors="0">
  <testcase name="elementUI" time="0.002" classname="MayurMaven.MayursMavenProject.SeleniumTest"/>
  <system-out/>
  <testcase name="browswerAutomation" time="0.001" classname="MayurMaven.MayursMavenProject.SeleniumTest"/>
  <system-out/>
</testsuite> <!-- MayurMaven.MayursMavenProject.SeleniumTest -->
