<?xml version="1.0" encoding="UTF-8"?>
<!-- Generated by org.testng.reporters.JUnitReportReporter -->
<testsuite skipped="0" hostname="Asus-PC" name="MayurMaven.MayursMavenProject.AppiumTest" tests="2" failures="0" timestamp="2021-05-24T12:03:24 IST" time="0.019" errors="0">
  <testcase name="NativeAppAndroid" time="0.001" classname="MayurMaven.MayursMavenProject.AppiumTest"/>
  <system-out/>
  <testcase name="IOSApp" time="0.018" classname="MayurMaven.MayursMavenProject.AppiumTest"/>
  <system-out/>
</testsuite> <!-- MayurMaven.MayursMavenProject.AppiumTest -->
