<?xml version="1.0" encoding="UTF-8"?>
<!-- Generated by org.testng.reporters.JUnitReportReporter -->
<testsuite skipped="0" hostname="Asus-PC" name="MayurMaven.MayursMavenProject.RestAPITest" tests="2" failures="0" timestamp="2021-05-24T12:03:24 IST" time="0.002" errors="0">
  <testcase name="deleteTwitter" time="0.001" classname="MayurMaven.MayursMavenProject.RestAPITest"/>
  <system-out/>
  <testcase name="postJira" time="0.001" classname="MayurMaven.MayursMavenProject.RestAPITest"/>
  <system-out/>
</testsuite> <!-- MayurMaven.MayursMavenProject.RestAPITest -->
