<?xml version="1.0" encoding="UTF-8"?>
<!-- Generated by org.testng.reporters.JUnitReportReporter -->
<testsuite skipped="0" hostname="Asus-PC" name="MayurMaven.MayursMavenProject.AppTest" tests="1" failures="0" timestamp="2021-05-24T12:03:24 IST" time="0.002" errors="0">
  <testcase name="testApp" time="0.002" classname="MayurMaven.MayursMavenProject.AppTest"/>
  <system-out/>
</testsuite> <!-- MayurMaven.MayursMavenProject.AppTest -->
