<?xml version="1.0" encoding="UTF-8"?>
<!-- Generated by org.testng.reporters.JUnitReportReporter -->
<testsuite skipped="0" hostname="Asus-PC" name="MayurMaven.MayursMavenProject.RestAPITest" tests="2" failures="0" timestamp="05 Jun 2021 05:20:30 GMT" time="0.009" errors="0">
  <testcase name="deleteTwitter" time="0.005" classname="MayurMaven.MayursMavenProject.RestAPITest"/>
  <testcase name="postJira" time="0.004" classname="MayurMaven.MayursMavenProject.RestAPITest"/>
</testsuite> <!-- MayurMaven.MayursMavenProject.RestAPITest -->
