<?xml version="1.0" encoding="UTF-8"?>
<!-- Generated by org.testng.reporters.JUnitReportReporter -->
<testsuite skipped="0" hostname="Asus-PC" name="MayurMaven.MayursMavenProject.SeleniumTest" tests="2" failures="0" timestamp="05 Jun 2021 05:20:30 GMT" time="0.063" errors="0">
  <testcase name="elementUI" time="0.004" classname="MayurMaven.MayursMavenProject.SeleniumTest"/>
  <testcase name="browswerAutomation" time="0.059" classname="MayurMaven.MayursMavenProject.SeleniumTest"/>
</testsuite> <!-- MayurMaven.MayursMavenProject.SeleniumTest -->
